<?xml version="1.0" encoding="UTF-8"?>
<testng-results skipped="0" failed="0" ignored="0" total="1" passed="1">
  <reporter-output>
  </reporter-output>
  <suite name="Default suite" duration-ms="15386" started-at="2019-02-16T07:19:01Z" finished-at="2019-02-16T07:19:17Z">
    <groups>
    </groups>
    <test name="Default test" duration-ms="15386" started-at="2019-02-16T07:19:01Z" finished-at="2019-02-16T07:19:17Z">
      <class name="com.qa.pages.DragandDrop">
        <test-method status="PASS" signature="setup()[pri:0, instance:com.qa.pages.DragandDrop@5649fd9b]" name="setup" is-config="true" duration-ms="2904" started-at="2019-02-16T07:19:01Z" finished-at="2019-02-16T07:19:04Z">
          <reporter-output>
          </reporter-output>
        </test-method> <!-- setup -->
        <test-method status="PASS" signature="takeScreenShot1()[pri:0, instance:com.qa.pages.DragandDrop@5649fd9b]" name="takeScreenShot1" duration-ms="11821" started-at="2019-02-16T07:19:04Z" finished-at="2019-02-16T07:19:16Z">
          <reporter-output>
          </reporter-output>
        </test-method> <!-- takeScreenShot1 -->
        <test-method status="PASS" signature="tearDown()[pri:0, instance:com.qa.pages.DragandDrop@5649fd9b]" name="tearDown" is-config="true" duration-ms="639" started-at="2019-02-16T07:19:16Z" finished-at="2019-02-16T07:19:17Z">
          <reporter-output>
          </reporter-output>
        </test-method> <!-- tearDown -->
      </class> <!-- com.qa.pages.DragandDrop -->
    </test> <!-- Default test -->
  </suite> <!-- Default suite -->
</testng-results>
