<?xml version="1.0" encoding="UTF-8"?>
<testng-results skipped="0" failed="0" ignored="0" total="1" passed="1">
  <reporter-output>
  </reporter-output>
  <suite name="Default suite" duration-ms="11497" started-at="2019-01-23T09:16:44Z" finished-at="2019-01-23T09:16:56Z">
    <groups>
    </groups>
    <test name="Default test" duration-ms="11497" started-at="2019-01-23T09:16:44Z" finished-at="2019-01-23T09:16:56Z">
      <class name="com.qa.pages.RightClick">
        <test-method status="PASS" signature="setup()[pri:0, instance:com.qa.pages.RightClick@1a968a59]" name="setup" is-config="true" duration-ms="2905" started-at="2019-01-23T09:16:44Z" finished-at="2019-01-23T09:16:47Z">
          <reporter-output>
          </reporter-output>
        </test-method> <!-- setup -->
        <test-method status="PASS" signature="takeScreenShot1()[pri:0, instance:com.qa.pages.RightClick@1a968a59]" name="takeScreenShot1" duration-ms="7956" started-at="2019-01-23T09:16:47Z" finished-at="2019-01-23T09:16:55Z">
          <reporter-output>
          </reporter-output>
        </test-method> <!-- takeScreenShot1 -->
        <test-method status="PASS" signature="tearDown()[pri:0, instance:com.qa.pages.RightClick@1a968a59]" name="tearDown" is-config="true" duration-ms="586" started-at="2019-01-23T09:16:55Z" finished-at="2019-01-23T09:16:56Z">
          <reporter-output>
          </reporter-output>
        </test-method> <!-- tearDown -->
      </class> <!-- com.qa.pages.RightClick -->
    </test> <!-- Default test -->
  </suite> <!-- Default suite -->
</testng-results>
